[debug] [2020-09-11T02:56:41.137Z] ----------------------------------------------------------------------
[debug] [2020-09-11T02:56:41.139Z] Command:       C:\Program Files\nodejs\node.exe C:\Users\Peter\AppData\Roaming\npm\node_modules\firebase-tools\lib\bin\firebase.js emulators:start
[debug] [2020-09-11T02:56:41.139Z] CLI Version:   8.10.0
[debug] [2020-09-11T02:56:41.139Z] Platform:      win32
[debug] [2020-09-11T02:56:41.139Z] Node Version:  v12.16.3
[debug] [2020-09-11T02:56:41.141Z] Time:          Thu Sep 10 2020 22:56:41 GMT-0400 (Eastern Daylight Time)
[debug] [2020-09-11T02:56:41.142Z] ----------------------------------------------------------------------
[debug] [2020-09-11T02:56:41.142Z] 
[debug] [2020-09-11T02:56:41.153Z] > command requires scopes: ["email","openid","https://www.googleapis.com/auth/cloudplatformprojects.readonly","https://www.googleapis.com/auth/firebase","https://www.googleapis.com/auth/cloud-platform"]
[debug] [2020-09-11T02:56:41.154Z] > authorizing via signed-in user
[info] i  emulators: Starting emulators: functions, hosting {"metadata":{"emulator":{"name":"hub"},"message":"Starting emulators: functions, hosting"}}
[debug] [2020-09-11T02:56:43.207Z] [hub] writing locator at C:\Users\Peter\AppData\Local\Temp\hub-hench-printworks.json
[warn] !  functions: The following emulators are not running, calls to these services from the Functions emulator will affect production: firestore, database, pubsub {"metadata":{"emulator":{"name":"functions"},"message":"The following emulators are not running, calls to these services from the Functions emulator will affect production: \u001b[1mfirestore, database, pubsub\u001b[22m"}}
[warn] !  Your requested "node" version "10" doesn't match your global version "12" {"metadata":{"emulator":{"name":"functions"},"message":"Your requested \"node\" version \"10\" doesn't match your global version \"12\""}}
[debug] [2020-09-11T02:56:45.332Z] defaultcredentials: writing to file C:\Users\Peter\AppData\Roaming\firebase\petersammon2_gmail_com_application_default_credentials.json
[debug] [2020-09-11T02:56:45.340Z] Setting GAC to C:\Users\Peter\AppData\Roaming\firebase\petersammon2_gmail_com_application_default_credentials.json {"metadata":{"emulator":{"name":"functions"},"message":"Setting GAC to C:\\Users\\Peter\\AppData\\Roaming\\firebase\\petersammon2_gmail_com_application_default_credentials.json"}}
[debug] [2020-09-11T02:56:47.874Z] > refreshing access token with scopes: ["email","https://www.googleapis.com/auth/cloud-platform","https://www.googleapis.com/auth/cloudplatformprojects.readonly","https://www.googleapis.com/auth/firebase","openid"]
[debug] [2020-09-11T02:56:47.875Z] >>> HTTP REQUEST POST https://www.googleapis.com/oauth2/v3/token  
 <request body omitted>
[debug] [2020-09-11T02:56:48.982Z] <<< HTTP RESPONSE 200 {"content-type":"application/json; charset=utf-8","vary":"X-Origin, Referer, Origin,Accept-Encoding","date":"Fri, 11 Sep 2020 02:56:48 GMT","server":"scaffolding on HTTPServer2","cache-control":"private","x-xss-protection":"0","x-frame-options":"SAMEORIGIN","x-content-type-options":"nosniff","alt-svc":"h3-29=\":443\"; ma=2592000,h3-27=\":443\"; ma=2592000,h3-T051=\":443\"; ma=2592000,h3-T050=\":443\"; ma=2592000,h3-Q050=\":443\"; ma=2592000,h3-Q046=\":443\"; ma=2592000,h3-Q043=\":443\"; ma=2592000,quic=\":443\"; ma=2592000; v=\"46,43\"","accept-ranges":"none","transfer-encoding":"chunked"}
[debug] [2020-09-11T02:56:49.003Z] >>> HTTP REQUEST GET https://firebase.googleapis.com/v1beta1/projects/hench-printworks/webApps/-/config  
 
[debug] [2020-09-11T02:56:49.947Z] <<< HTTP RESPONSE 200 {"content-type":"application/json; charset=UTF-8","vary":"X-Origin, Referer, Origin,Accept-Encoding","date":"Fri, 11 Sep 2020 02:56:49 GMT","server":"ESF","cache-control":"private","x-xss-protection":"0","x-frame-options":"SAMEORIGIN","x-content-type-options":"nosniff","alt-svc":"h3-29=\":443\"; ma=2592000,h3-27=\":443\"; ma=2592000,h3-T051=\":443\"; ma=2592000,h3-T050=\":443\"; ma=2592000,h3-Q050=\":443\"; ma=2592000,h3-Q046=\":443\"; ma=2592000,h3-Q043=\":443\"; ma=2592000,quic=\":443\"; ma=2592000; v=\"46,43\"","accept-ranges":"none","transfer-encoding":"chunked"}
[info] i  hosting: Serving hosting files from: build {"metadata":{"emulator":{"name":"hosting"},"message":"Serving hosting files from: \u001b[1mbuild\u001b[22m"}}
[info] +  hosting: Local server: http://localhost:5000 {"metadata":{"emulator":{"name":"hosting"},"message":"Local server: \u001b[4m\u001b[1mhttp://localhost:5000\u001b[22m\u001b[24m"}}
[debug] [2020-09-11T02:56:54.036Z] Ignoring unsupported arg: auto_download {"metadata":{"emulator":{"name":"ui"},"message":"Ignoring unsupported arg: auto_download"}}
[debug] [2020-09-11T02:56:54.037Z] Ignoring unsupported arg: port {"metadata":{"emulator":{"name":"ui"},"message":"Ignoring unsupported arg: port"}}
[debug] [2020-09-11T02:56:54.038Z] Starting Emulator UI with command {"binary":"node","args":["C:\\Users\\Peter\\.cache\\firebase\\emulators\\ui-v1.1.1\\server.bundle.js"],"optionalArgs":[],"joinArgs":false} {"metadata":{"emulator":{"name":"ui"},"message":"Starting Emulator UI with command {\"binary\":\"node\",\"args\":[\"C:\\\\Users\\\\Peter\\\\.cache\\\\firebase\\\\emulators\\\\ui-v1.1.1\\\\server.bundle.js\"],\"optionalArgs\":[],\"joinArgs\":false}"}}
[info] i  ui: Emulator UI logging to ui-debug.log {"metadata":{"emulator":{"name":"ui"},"message":"Emulator UI logging to \u001b[1mui-debug.log\u001b[22m"}}
[debug] [2020-09-11T02:56:54.374Z] Web / API server started at http://localhost:4000
 {"metadata":{"emulator":{"name":"ui"},"message":"Web / API server started at http://localhost:4000\n"}}
[info] i  functions: Watching "C:\Users\Peter\bootcamp\homework\hench2.0\functions" for Cloud Functions... {"metadata":{"emulator":{"name":"functions"},"message":"Watching \"C:\\Users\\Peter\\bootcamp\\homework\\hench2.0\\functions\" for Cloud Functions..."}}
[debug] [2020-09-11T02:56:54.630Z] [worker-pool] addWorker(~diagnostic~) {"metadata":{"emulator":{"name":"functions"},"message":"[worker-pool] addWorker(~diagnostic~)"}}
[debug] [2020-09-11T02:56:54.630Z] [worker-pool] Adding worker with key ~diagnostic~, total=1 {"metadata":{"emulator":{"name":"functions"},"message":"[worker-pool] Adding worker with key ~diagnostic~, total=1"}}
[debug] [2020-09-11T02:56:54.631Z] [worker-pool] submitWork(triggerId=) {"metadata":{"emulator":{"name":"functions"},"message":"[worker-pool] submitWork(triggerId=)"}}
[debug] [2020-09-11T02:56:54.632Z] [worker-~diagnostic~-32d5ea35-96f8-4290-b621-93301e7a0ed4]: Assigning socketPath: \\?\pipe\C:\Users\Peter\bootcamp\homework\hench2.0\functions\30796 {"metadata":{"emulator":{"name":"functions"},"message":"[worker-~diagnostic~-32d5ea35-96f8-4290-b621-93301e7a0ed4]: Assigning socketPath: \\\\?\\pipe\\C:\\Users\\Peter\\bootcamp\\homework\\hench2.0\\functions\\30796"}}
[debug] [2020-09-11T02:56:54.633Z] [worker-~diagnostic~-32d5ea35-96f8-4290-b621-93301e7a0ed4]: BUSY {"metadata":{"emulator":{"name":"functions"},"message":"[worker-~diagnostic~-32d5ea35-96f8-4290-b621-93301e7a0ed4]: BUSY"}}
[debug] [2020-09-11T02:56:55.156Z] [runtime-status] [30796] Functions runtime initialized. {"cwd":"C:\\Users\\Peter\\bootcamp\\homework\\hench2.0\\functions","node_version":"12.16.3"} {"metadata":{"emulator":{"name":"functions"},"message":"[runtime-status] [30796] Functions runtime initialized. {\"cwd\":\"C:\\\\Users\\\\Peter\\\\bootcamp\\\\homework\\\\hench2.0\\\\functions\",\"node_version\":\"12.16.3\"}"}}
[debug] [2020-09-11T02:56:55.157Z] [runtime-status] [30796] Disabled runtime features: undefined {"metadata":{"emulator":{"name":"functions"},"message":"[runtime-status] [30796] Disabled runtime features: undefined"}}
[debug] [2020-09-11T02:56:55.162Z] [runtime-status] [30796] Resolved module firebase-admin {"declared":true,"installed":true,"version":"8.13.0","resolution":"C:\\Users\\Peter\\bootcamp\\homework\\hench2.0\\functions\\node_modules\\firebase-admin\\lib\\index.js"} {"metadata":{"emulator":{"name":"functions"},"message":"[runtime-status] [30796] Resolved module firebase-admin {\"declared\":true,\"installed\":true,\"version\":\"8.13.0\",\"resolution\":\"C:\\\\Users\\\\Peter\\\\bootcamp\\\\homework\\\\hench2.0\\\\functions\\\\node_modules\\\\firebase-admin\\\\lib\\\\index.js\"}"}}
[debug] [2020-09-11T02:56:55.165Z] [runtime-status] [30796] Resolved module firebase-functions {"declared":true,"installed":true,"version":"3.11.0","resolution":"C:\\Users\\Peter\\bootcamp\\homework\\hench2.0\\functions\\node_modules\\firebase-functions\\lib\\index.js"} {"metadata":{"emulator":{"name":"functions"},"message":"[runtime-status] [30796] Resolved module firebase-functions {\"declared\":true,\"installed\":true,\"version\":\"3.11.0\",\"resolution\":\"C:\\\\Users\\\\Peter\\\\bootcamp\\\\homework\\\\hench2.0\\\\functions\\\\node_modules\\\\firebase-functions\\\\lib\\\\index.js\"}"}}
[debug] [2020-09-11T02:56:55.168Z] [runtime-status] [30796] Resolved module firebase-functions {"declared":true,"installed":true,"version":"3.11.0","resolution":"C:\\Users\\Peter\\bootcamp\\homework\\hench2.0\\functions\\node_modules\\firebase-functions\\lib\\index.js"} {"metadata":{"emulator":{"name":"functions"},"message":"[runtime-status] [30796] Resolved module firebase-functions {\"declared\":true,\"installed\":true,\"version\":\"3.11.0\",\"resolution\":\"C:\\\\Users\\\\Peter\\\\bootcamp\\\\homework\\\\hench2.0\\\\functions\\\\node_modules\\\\firebase-functions\\\\lib\\\\index.js\"}"}}
[debug] [2020-09-11T02:56:55.170Z] [runtime-status] [30796] Outgoing network have been stubbed. [{"name":"http","status":"mocked"},{"name":"http","status":"mocked"},{"name":"https","status":"mocked"},{"name":"https","status":"mocked"},{"name":"net","status":"mocked"}] {"metadata":{"emulator":{"name":"functions"},"message":"[runtime-status] [30796] Outgoing network have been stubbed. [{\"name\":\"http\",\"status\":\"mocked\"},{\"name\":\"http\",\"status\":\"mocked\"},{\"name\":\"https\",\"status\":\"mocked\"},{\"name\":\"https\",\"status\":\"mocked\"},{\"name\":\"net\",\"status\":\"mocked\"}]"}}
[debug] [2020-09-11T02:56:55.171Z] [runtime-status] [30796] Resolved module firebase-functions {"declared":true,"installed":true,"version":"3.11.0","resolution":"C:\\Users\\Peter\\bootcamp\\homework\\hench2.0\\functions\\node_modules\\firebase-functions\\lib\\index.js"} {"metadata":{"emulator":{"name":"functions"},"message":"[runtime-status] [30796] Resolved module firebase-functions {\"declared\":true,\"installed\":true,\"version\":\"3.11.0\",\"resolution\":\"C:\\\\Users\\\\Peter\\\\bootcamp\\\\homework\\\\hench2.0\\\\functions\\\\node_modules\\\\firebase-functions\\\\lib\\\\index.js\"}"}}
[debug] [2020-09-11T02:56:55.243Z] [runtime-status] [30796] Checked functions.config() {"config":{}} {"metadata":{"emulator":{"name":"functions"},"message":"[runtime-status] [30796] Checked functions.config() {\"config\":{}}"}}
[debug] [2020-09-11T02:56:55.254Z] [runtime-status] [30796] firebase-functions has been stubbed. {"functionsResolution":{"declared":true,"installed":true,"version":"3.11.0","resolution":"C:\\Users\\Peter\\bootcamp\\homework\\hench2.0\\functions\\node_modules\\firebase-functions\\lib\\index.js"}} {"metadata":{"emulator":{"name":"functions"},"message":"[runtime-status] [30796] firebase-functions has been stubbed. {\"functionsResolution\":{\"declared\":true,\"installed\":true,\"version\":\"3.11.0\",\"resolution\":\"C:\\\\Users\\\\Peter\\\\bootcamp\\\\homework\\\\hench2.0\\\\functions\\\\node_modules\\\\firebase-functions\\\\lib\\\\index.js\"}}"}}
[debug] [2020-09-11T02:56:55.254Z] [runtime-status] [30796] Resolved module firebase-functions {"declared":true,"installed":true,"version":"3.11.0","resolution":"C:\\Users\\Peter\\bootcamp\\homework\\hench2.0\\functions\\node_modules\\firebase-functions\\lib\\index.js"} {"metadata":{"emulator":{"name":"functions"},"message":"[runtime-status] [30796] Resolved module firebase-functions {\"declared\":true,\"installed\":true,\"version\":\"3.11.0\",\"resolution\":\"C:\\\\Users\\\\Peter\\\\bootcamp\\\\homework\\\\hench2.0\\\\functions\\\\node_modules\\\\firebase-functions\\\\lib\\\\index.js\"}"}}
[debug] [2020-09-11T02:56:55.254Z] [runtime-status] [30796] Resolved module firebase-admin {"declared":true,"installed":true,"version":"8.13.0","resolution":"C:\\Users\\Peter\\bootcamp\\homework\\hench2.0\\functions\\node_modules\\firebase-admin\\lib\\index.js"} {"metadata":{"emulator":{"name":"functions"},"message":"[runtime-status] [30796] Resolved module firebase-admin {\"declared\":true,\"installed\":true,\"version\":\"8.13.0\",\"resolution\":\"C:\\\\Users\\\\Peter\\\\bootcamp\\\\homework\\\\hench2.0\\\\functions\\\\node_modules\\\\firebase-admin\\\\lib\\\\index.js\"}"}}
[debug] [2020-09-11T02:56:55.254Z] [runtime-status] [30796] Resolved module firebase-functions {"declared":true,"installed":true,"version":"3.11.0","resolution":"C:\\Users\\Peter\\bootcamp\\homework\\hench2.0\\functions\\node_modules\\firebase-functions\\lib\\index.js"} {"metadata":{"emulator":{"name":"functions"},"message":"[runtime-status] [30796] Resolved module firebase-functions {\"declared\":true,\"installed\":true,\"version\":\"3.11.0\",\"resolution\":\"C:\\\\Users\\\\Peter\\\\bootcamp\\\\homework\\\\hench2.0\\\\functions\\\\node_modules\\\\firebase-functions\\\\lib\\\\index.js\"}"}}
[debug] [2020-09-11T02:56:55.255Z] [runtime-status] [30796] firebase-admin has been stubbed. {"adminResolution":{"declared":true,"installed":true,"version":"8.13.0","resolution":"C:\\Users\\Peter\\bootcamp\\homework\\hench2.0\\functions\\node_modules\\firebase-admin\\lib\\index.js"}} {"metadata":{"emulator":{"name":"functions"},"message":"[runtime-status] [30796] firebase-admin has been stubbed. {\"adminResolution\":{\"declared\":true,\"installed\":true,\"version\":\"8.13.0\",\"resolution\":\"C:\\\\Users\\\\Peter\\\\bootcamp\\\\homework\\\\hench2.0\\\\functions\\\\node_modules\\\\firebase-admin\\\\lib\\\\index.js\"}}"}}
